{
  "test_suite_metadata": {
    "name": "CampusLifeBench Action System Comprehensive Test Suite",
    "version": "1.0",
    "timestamp": "2025-08-01T21:58:00.879585",
    "total_categories": 7,
    "execution_start_time": "2025-08-01T21:58:00.879586"
  },
  "test_categories": {
    "Single System Tests": {
      "tests_run": 5,
      "failures": 0,
      "errors": 5,
      "success_rate": 0.0,
      "execution_time_seconds": 0.009359598159790039,
      "status": "FAIL",
      "failure_details": [],
      "error_details": [
        {
          "test": "test_calendar_system (comprehensive_action_test_suite.SingleSystemTests.test_calendar_system)",
          "error": "Traceback (most recent call last):\n  File \"C:\\PHD\\ICALK\\exp-dri-agent\\框架\\LifelongAgentBench-main\\tests\\campus_life_bench\\comprehensive_action_test_suite.py\", line 177, in test_calendar_system\n    \"execution_time\": self.test_execution_time,\n                      ^^^^^^^^^^^^^^^^^^^^^^^^\nAttributeError: 'SingleSystemTests' object has no attribute 'test_execution_time'\n"
        },
        {
          "test": "test_email_system (comprehensive_action_test_suite.SingleSystemTests.test_email_system)",
          "error": "Traceback (most recent call last):\n  File \"C:\\PHD\\ICALK\\exp-dri-agent\\框架\\LifelongAgentBench-main\\tests\\campus_life_bench\\comprehensive_action_test_suite.py\", line 158, in test_email_system\n    \"execution_time\": self.test_execution_time,\n                      ^^^^^^^^^^^^^^^^^^^^^^^^\nAttributeError: 'SingleSystemTests' object has no attribute 'test_execution_time'\n"
        },
        {
          "test": "test_geography_system (comprehensive_action_test_suite.SingleSystemTests.test_geography_system)",
          "error": "Traceback (most recent call last):\n  File \"C:\\PHD\\ICALK\\exp-dri-agent\\框架\\LifelongAgentBench-main\\tests\\campus_life_bench\\comprehensive_action_test_suite.py\", line 215, in test_geography_system\n    \"execution_time\": self.test_execution_time,\n                      ^^^^^^^^^^^^^^^^^^^^^^^^\nAttributeError: 'SingleSystemTests' object has no attribute 'test_execution_time'\n"
        },
        {
          "test": "test_map_system (comprehensive_action_test_suite.SingleSystemTests.test_map_system)",
          "error": "Traceback (most recent call last):\n  File \"C:\\PHD\\ICALK\\exp-dri-agent\\框架\\LifelongAgentBench-main\\tests\\campus_life_bench\\comprehensive_action_test_suite.py\", line 196, in test_map_system\n    \"execution_time\": self.test_execution_time,\n                      ^^^^^^^^^^^^^^^^^^^^^^^^\nAttributeError: 'SingleSystemTests' object has no attribute 'test_execution_time'\n"
        },
        {
          "test": "test_reservation_system (comprehensive_action_test_suite.SingleSystemTests.test_reservation_system)",
          "error": "Traceback (most recent call last):\n  File \"C:\\PHD\\ICALK\\exp-dri-agent\\框架\\LifelongAgentBench-main\\tests\\campus_life_bench\\comprehensive_action_test_suite.py\", line 234, in test_reservation_system\n    \"execution_time\": self.test_execution_time,\n                      ^^^^^^^^^^^^^^^^^^^^^^^^\nAttributeError: 'SingleSystemTests' object has no attribute 'test_execution_time'\n"
        }
      ]
    },
    "Multi-System Tests": {
      "tests_run": 1,
      "failures": 0,
      "errors": 0,
      "success_rate": 1.0,
      "execution_time_seconds": 0.0020868778228759766,
      "status": "PASS",
      "failure_details": [],
      "error_details": []
    },
    "Ultra-Complex Integration": {
      "tests_run": 1,
      "failures": 0,
      "errors": 1,
      "success_rate": 0.0,
      "execution_time_seconds": 0.0032019615173339844,
      "status": "FAIL",
      "failure_details": [],
      "error_details": [
        {
          "test": "test_complete_academic_day (comprehensive_action_test_suite.UltraComplexIntegrationTests.test_complete_academic_day)",
          "error": "Traceback (most recent call last):\n  File \"C:\\PHD\\ICALK\\exp-dri-agent\\框架\\LifelongAgentBench-main\\tests\\campus_life_bench\\comprehensive_action_test_suite.py\", line 456, in test_complete_academic_day\n    expected_systems = set(test_data[\"ground_truth\"].get(\"systems_count\", 10))\n                       ^^^^^^^^^^^^^^^^^^^^^^^^^^^^^^^^^^^^^^^^^^^^^^^^^^^^^^^\nTypeError: 'int' object is not iterable\n"
        }
      ]
    },
    "System Availability Validation": {
      "tests_run": 1,
      "failures": 0,
      "errors": 0,
      "success_rate": 1.0,
      "execution_time_seconds": 0.00200653076171875,
      "status": "PASS",
      "failure_details": [],
      "error_details": []
    },
    "Temporal Week 1 Simulation": {
      "tests_run": 1,
      "failures": 0,
      "errors": 0,
      "success_rate": 1.0,
      "execution_time_seconds": 0.0020923614501953125,
      "status": "PASS",
      "failure_details": [],
      "error_details": []
    },
    "Action Format Validation": {
      "tests_run": 2,
      "failures": 0,
      "errors": 0,
      "success_rate": 1.0,
      "execution_time_seconds": 0.0020439624786376953,
      "status": "PASS",
      "failure_details": [],
      "error_details": []
    },
    "End-to-End Integration": {
      "tests_run": 1,
      "failures": 0,
      "errors": 0,
      "success_rate": 1.0,
      "execution_time_seconds": 0.002522706985473633,
      "status": "PASS",
      "failure_details": [],
      "error_details": []
    }
  },
  "summary": {
    "total_tests": 12,
    "total_failures": 0,
    "total_errors": 6,
    "overall_success_rate": 0.5,
    "total_execution_time_seconds": 0.02652454376220703,
    "overall_status": "FAIL"
  },
  "performance_metrics": {
    "average_test_time_seconds": 0.002210378646850586,
    "tests_per_second": 452.41117463056844,
    "fastest_category": "System Availability Validation",
    "slowest_category": "Single System Tests"
  },
  "system_validation": {
    "action_parsing_validated": true,
    "single_systems_validated": false,
    "multi_system_integration_validated": true,
    "system_availability_enforced": true,
    "temporal_consistency_validated": true,
    "end_to_end_integration_validated": true,
    "ultra_complex_scenarios_validated": false
  }
}